[{"line":2,"elements":[{"start_timestamp":"2025-08-21T21:02:10.935Z","line":4,"name":"Login exitoso","description":"","id":"login-en-la-app;login-exitoso","type":"scenario","keyword":"Scenario","steps":[{"result":{"duration":13139494304,"status":"passed"},"line":5,"name":"el usuario abre la app","match":{"location":"com.testqa.mobile.stepdefinitions.LoginSteps.elUsuarioAbreLaApp()"},"keyword":"Given "},{"result":{"duration":6995688518,"status":"passed"},"line":6,"name":"ingresa usuario  \"standard_user\" y contraseña \"secret_sauce\"","match":{"arguments":[{"val":"\"standard_user\"","offset":17},{"val":"\"secret_sauce\"","offset":46}],"location":"com.testqa.mobile.stepdefinitions.LoginSteps.ingresaUsuarioYContrasenia(java.lang.String,java.lang.String)"},"keyword":"When "},{"result":{"duration":646402705,"status":"passed"},"line":7,"name":"presiona el botón de login","match":{"location":"com.testqa.mobile.stepdefinitions.LoginSteps.presionaElBotonDeLogin()"},"keyword":"And "},{"result":{"duration":2810846477,"status":"passed"},"line":8,"name":"debería ingresar exitosamente","match":{"location":"com.testqa.mobile.stepdefinitions.LoginSteps.deberiaIngresarExitosamente()"},"keyword":"Then "}],"tags":[{"name":"@login"}]}],"name":"Login en la app","description":"","id":"login-en-la-app","keyword":"Feature","uri":"file:src/test/resources/features/login.feature","tags":[{"name":"@login","type":"Tag","location":{"line":1,"column":1}}]},{"line":1,"elements":[{"start_timestamp":"2025-08-21T21:02:34.605Z","line":3,"name":"Comprar 3 productos aleatorios","description":"","id":"flujo-de-compra-en-la-app;comprar-3-productos-aleatorios","type":"scenario","keyword":"Scenario","steps":[{"result":{"error_message":"org.openqa.selenium.TimeoutException: Expected condition failed: waiting for presence of element located by: AppiumBy.accessibilityId: test-Username (tried for 25 second(s) with 500 milliseconds interval)\n\tat org.openqa.selenium.support.ui.WebDriverWait.timeoutException(WebDriverWait.java:87)\n\tat org.openqa.selenium.support.ui.FluentWait.until(FluentWait.java:231)\n\tat com.testqa.mobile.stepdefinitions.LoginSteps.elUsuarioAbreLaApp(LoginSteps.java:68)\n\tat ✽.el usuario abre la app(file:///home/giovanni/testqamovil/mobile-automation-testqa-full/src/test/resources/features/shopping.feature:4)\nCaused by: org.openqa.selenium.NoSuchElementException: An element could not be located on the page using the given search parameters.\nFor documentation on this error, please visit: https://selenium.dev/exceptions/#no_such_element\nBuild info: version: '4.8.0', revision: '267030adea'\nSystem info: os.name: 'Linux', os.arch: 'amd64', os.version: '6.8.0-71-generic', java.version: '17.0.16'\nDriver info: io.appium.java_client.android.AndroidDriver\nCommand: [78da2838-82d8-4e57-aba6-1fe9b5a8bdb8, findElement {using=accessibility id, value=test-Username}]\nCapabilities {appium:adbExecTimeout: 120000, appium:app: /home/giovanni/testqamovil/..., appium:appActivity: com.swaglabsmobileapp.Splas..., appium:appPackage: com.swaglabsmobileapp, appium:appWaitActivity: *, appium:appWaitDuration: 60000, appium:appWaitForLaunch: true, appium:autoGrantPermissions: true, appium:automationName: UiAutomator2, appium:databaseEnabled: false, appium:desired: {adbExecTimeout: 120000, app: /home/giovanni/testqamovil/..., appWaitActivity: *, appWaitDuration: 60000, appWaitForLaunch: true, autoGrantPermissions: true, automationName: UiAutomator2, disableWindowAnimation: true, ignoreHiddenApiPolicyError: true, noReset: true, platformName: android, udid: emulator-5554, uiautomator2ServerInstallTimeout: 120000}, appium:deviceApiLevel: 36, appium:deviceManufacturer: Google, appium:deviceModel: sdk_gphone64_x86_64, appium:deviceName: emulator-5554, appium:deviceScreenDensity: 420, appium:deviceScreenSize: 1080x2400, appium:deviceUDID: emulator-5554, appium:disableWindowAnimation: true, appium:ignoreHiddenApiPolicyError: true, appium:javascriptEnabled: true, appium:locationContextEnabled: false, appium:networkConnectionEnabled: true, appium:noReset: true, appium:pixelRatio: 2.625, appium:platformVersion: 16, appium:statBarHeight: 63, appium:takesScreenshot: true, appium:udid: emulator-5554, appium:uiautomator2ServerInstallTimeout: 120000, appium:viewportRect: {height: 2337, left: 0, top: 63, width: 1080}, appium:warnings: {}, appium:webStorageEnabled: false, platformName: ANDROID}\nSession ID: 78da2838-82d8-4e57-aba6-1fe9b5a8bdb8\n\tat jdk.internal.reflect.GeneratedConstructorAccessor8.newInstance(Unknown Source)\n\tat java.base/jdk.internal.reflect.DelegatingConstructorAccessorImpl.newInstance(DelegatingConstructorAccessorImpl.java:45)\n\tat java.base/java.lang.reflect.Constructor.newInstanceWithCaller(Constructor.java:500)\n\tat java.base/java.lang.reflect.Constructor.newInstance(Constructor.java:481)\n\tat org.openqa.selenium.remote.codec.w3c.W3CHttpResponseCodec.createException(W3CHttpResponseCodec.java:200)\n\tat org.openqa.selenium.remote.codec.w3c.W3CHttpResponseCodec.decode(W3CHttpResponseCodec.java:133)\n\tat org.openqa.selenium.remote.codec.w3c.W3CHttpResponseCodec.decode(W3CHttpResponseCodec.java:53)\n\tat org.openqa.selenium.remote.HttpCommandExecutor.execute(HttpCommandExecutor.java:184)\n\tat io.appium.java_client.remote.AppiumCommandExecutor.execute(AppiumCommandExecutor.java:262)\n\tat org.openqa.selenium.remote.RemoteWebDriver.execute(RemoteWebDriver.java:543)\n\tat org.openqa.selenium.remote.ElementLocation$ElementFinder$2.findElement(ElementLocation.java:162)\n\tat org.openqa.selenium.remote.ElementLocation.findElement(ElementLocation.java:60)\n\tat org.openqa.selenium.remote.RemoteWebDriver.findElement(RemoteWebDriver.java:352)\n\tat org.openqa.selenium.remote.RemoteWebDriver.findElement(RemoteWebDriver.java:344)\n\tat org.openqa.selenium.support.ui.ExpectedConditions$6.apply(ExpectedConditions.java:174)\n\tat org.openqa.selenium.support.ui.ExpectedConditions$6.apply(ExpectedConditions.java:171)\n\tat org.openqa.selenium.support.ui.FluentWait.until(FluentWait.java:208)\n\tat com.testqa.mobile.stepdefinitions.LoginSteps.elUsuarioAbreLaApp(LoginSteps.java:68)\n\tat java.base/jdk.internal.reflect.NativeMethodAccessorImpl.invoke0(Native Method)\n\tat java.base/jdk.internal.reflect.NativeMethodAccessorImpl.invoke(NativeMethodAccessorImpl.java:77)\n\tat java.base/jdk.internal.reflect.DelegatingMethodAccessorImpl.invoke(DelegatingMethodAccessorImpl.java:43)\n\tat java.base/java.lang.reflect.Method.invoke(Method.java:569)\n\tat io.cucumber.java.Invoker.doInvoke(Invoker.java:66)\n\tat io.cucumber.java.Invoker.invoke(Invoker.java:24)\n\tat io.cucumber.java.AbstractGlueDefinition.invokeMethod(AbstractGlueDefinition.java:47)\n\tat io.cucumber.java.JavaStepDefinition.execute(JavaStepDefinition.java:29)\n\tat io.cucumber.core.runner.CoreStepDefinition.execute(CoreStepDefinition.java:66)\n\tat io.cucumber.core.runner.PickleStepDefinitionMatch.runStep(PickleStepDefinitionMatch.java:63)\n\tat io.cucumber.core.runner.ExecutionMode$1.execute(ExecutionMode.java:10)\n\tat io.cucumber.core.runner.TestStep.executeStep(TestStep.java:84)\n\tat io.cucumber.core.runner.TestStep.run(TestStep.java:56)\n\tat io.cucumber.core.runner.PickleStepTestStep.run(PickleStepTestStep.java:51)\n\tat io.cucumber.core.runner.TestCase.run(TestCase.java:84)\n\tat io.cucumber.core.runner.Runner.runPickle(Runner.java:75)\n\tat io.cucumber.junit.PickleRunners$NoStepDescriptions.lambda$run$0(PickleRunners.java:151)\n\tat io.cucumber.core.runtime.CucumberExecutionContext.lambda$runTestCase$5(CucumberExecutionContext.java:130)\n\tat io.cucumber.core.runtime.RethrowingThrowableCollector.executeAndThrow(RethrowingThrowableCollector.java:23)\n\tat io.cucumber.core.runtime.CucumberExecutionContext.runTestCase(CucumberExecutionContext.java:130)\n\tat io.cucumber.junit.PickleRunners$NoStepDescriptions.run(PickleRunners.java:148)\n\tat io.cucumber.junit.FeatureRunner.runChild(FeatureRunner.java:144)\n\tat io.cucumber.junit.FeatureRunner.runChild(FeatureRunner.java:28)\n\tat org.junit.runners.ParentRunner$4.run(ParentRunner.java:331)\n\tat org.junit.runners.ParentRunner$1.schedule(ParentRunner.java:79)\n\tat org.junit.runners.ParentRunner.runChildren(ParentRunner.java:329)\n\tat org.junit.runners.ParentRunner.access$100(ParentRunner.java:66)\n\tat org.junit.runners.ParentRunner$2.evaluate(ParentRunner.java:293)\n\tat org.junit.runners.ParentRunner$3.evaluate(ParentRunner.java:306)\n\tat org.junit.runners.ParentRunner.run(ParentRunner.java:413)\n\tat io.cucumber.junit.FeatureRunner.run(FeatureRunner.java:137)\n\tat io.cucumber.junit.Cucumber.runChild(Cucumber.java:196)\n\tat io.cucumber.junit.Cucumber.runChild(Cucumber.java:89)\n\tat org.junit.runners.ParentRunner$4.run(ParentRunner.java:331)\n\tat org.junit.runners.ParentRunner$1.schedule(ParentRunner.java:79)\n\tat org.junit.runners.ParentRunner.runChildren(ParentRunner.java:329)\n\tat org.junit.runners.ParentRunner.access$100(ParentRunner.java:66)\n\tat org.junit.runners.ParentRunner$2.evaluate(ParentRunner.java:293)\n\tat io.cucumber.junit.Cucumber$RunBeforeAllHooks.evaluate(Cucumber.java:266)\n\tat io.cucumber.junit.Cucumber$RunAfterAllHooks.evaluate(Cucumber.java:281)\n\tat io.cucumber.junit.Cucumber$StartTestRun.evaluate(Cucumber.java:233)\n\tat io.cucumber.junit.Cucumber$FinishTestRun.evaluate(Cucumber.java:248)\n\tat org.junit.runners.ParentRunner$3.evaluate(ParentRunner.java:306)\n\tat org.junit.runners.ParentRunner.run(ParentRunner.java:413)\n\tat org.apache.maven.surefire.junit4.JUnit4Provider.execute(JUnit4Provider.java:316)\n\tat org.apache.maven.surefire.junit4.JUnit4Provider.executeWithRerun(JUnit4Provider.java:240)\n\tat org.apache.maven.surefire.junit4.JUnit4Provider.executeTestSet(JUnit4Provider.java:214)\n\tat org.apache.maven.surefire.junit4.JUnit4Provider.invoke(JUnit4Provider.java:155)\n\tat org.apache.maven.surefire.booter.ForkedBooter.runSuitesInProcess(ForkedBooter.java:385)\n\tat org.apache.maven.surefire.booter.ForkedBooter.execute(ForkedBooter.java:162)\n\tat org.apache.maven.surefire.booter.ForkedBooter.run(ForkedBooter.java:507)\n\tat org.apache.maven.surefire.booter.ForkedBooter.main(ForkedBooter.java:495)\n","duration":32699563882,"status":"failed"},"line":4,"name":"el usuario abre la app","match":{"location":"com.testqa.mobile.stepdefinitions.LoginSteps.elUsuarioAbreLaApp()"},"keyword":"Given "},{"result":{"duration":241981,"status":"skipped"},"line":5,"name":"ingresa usuario  \"standard_user\" y contraseña \"secret_sauce\"","match":{"arguments":[{"val":"\"standard_user\"","offset":17},{"val":"\"secret_sauce\"","offset":46}],"location":"com.testqa.mobile.stepdefinitions.LoginSteps.ingresaUsuarioYContrasenia(java.lang.String,java.lang.String)"},"keyword":"When "},{"result":{"duration":202340,"status":"skipped"},"line":6,"name":"presiona el botón de login","match":{"location":"com.testqa.mobile.stepdefinitions.LoginSteps.presionaElBotonDeLogin()"},"keyword":"And "},{"result":{"duration":143648,"status":"skipped"},"line":7,"name":"agrega un producto al carrito","match":{"location":"com.testqa.mobile.stepdefinitions.ShoppingSteps.agregaUnProductoAlCarrito()"},"keyword":"And "},{"result":{"duration":101526,"status":"skipped"},"line":8,"name":"el producto debería aparecer en el carrito","match":{"location":"com.testqa.mobile.stepdefinitions.ShoppingSteps.elProductoDeberiaAparecerEnElCarrito()"},"keyword":"Then "}]}],"name":"Flujo de compra en la app","description":"","id":"flujo-de-compra-en-la-app","keyword":"Feature","uri":"file:src/test/resources/features/shopping.feature","tags":[]}]